<?xml version="1.0" encoding="UTF-8"?>
<!--
/**
 * Copyright Â© 2015 Magento. All rights reserved.
 * See COPYING.txt for license details.
 */
-->
<config xmlns:xs="http://www.w3.org/2001/XMLSchema-instance" xs:noNamespaceSchemaLocation="../../../../../etc/config.xsd">
    <steps>
        <step>\Migration\Steps\Integrity</step>
        <step>\Migration\Steps\Map</step>
        <step>\Migration\Steps\CustomStep</step>
    </steps>
    <source version="1.14.1.0">
        <database host="localhost" name="magento1" user="root"/>
    </source>
    <destination version="2.0.0.0">
        <database host="localhost" name="magento2" user="root" password="123123q"/>
    </destination>
    <options>
        <map_file>map-file.xml</map_file>
        <eav_map_file>eav-map-file.xml</eav_map_file>
        <settings_map_file>settings-map-file.xml</settings_map_file>
        <bulk_size>100</bulk_size>
        <custom_option>custom_option_value</custom_option>
    </options>
</config>
